+ module load python/3.6-conda5.2
++ /apps/lmod/lmod/libexec/lmod bash load python/3.6-conda5.2
+ eval '__LMOD_REF_COUNT_LD_LIBRARY_PATH=/apps/python/3.6-conda5.2/lib:1\;/opt/mvapich2/intel/19.0/2.3.3/lib:1\;/apps/gnu/8.4.0/lib64:1\;/apps/gnu/8.4.0/lib:1\;/opt/intel/19.0.5/debugger_2019/libipt/intel64/lib:1\;/opt/intel/19.0.5/compilers_and_libraries_2019/linux/lib/intel64_lin:1\;/opt/intel/19.0.5/compilers_and_libraries_2019/linux/daal/lib/intel64_lin:1\;/opt/intel/19.0.5/compilers_and_libraries_2019/linux/ipp/lib/intel64_lin:1\;/opt/intel/19.0.5/compilers_and_libraries_2019/linux/mkl/lib/intel64_lin:1\;/opt/intel/19.0.5/compilers_and_libraries_2019/linux/tbb/lib/intel64_lin/gcc4.4:1;' export '__LMOD_REF_COUNT_LD_LIBRARY_PATH;' 'LD_LIBRARY_PATH=/apps/python/3.6-conda5.2/lib:/opt/mvapich2/intel/19.0/2.3.3/lib:/apps/gnu/8.4.0/lib64:/apps/gnu/8.4.0/lib:/opt/intel/19.0.5/debugger_2019/libipt/intel64/lib:/opt/intel/19.0.5/compilers_and_libraries_2019/linux/lib/intel64_lin:/opt/intel/19.0.5/compilers_and_libraries_2019/linux/daal/lib/intel64_lin:/opt/intel/19.0.5/compilers_and_libraries_2019/linux/ipp/lib/intel64_lin:/opt/intel/19.0.5/compilers_and_libraries_2019/linux/mkl/lib/intel64_lin:/opt/intel/19.0.5/compilers_and_libraries_2019/linux/tbb/lib/intel64_lin/gcc4.4;' export 'LD_LIBRARY_PATH;' '__LMOD_REF_COUNT_LOADEDMODULES=xalt/latest:1\;gcc-compatibility/8.4.0:1\;intel/19.0.5:1\;mvapich2/2.3.3:1\;modules/sp2020:1\;git/2.18.0:1\;python/3.6-conda5.2:1;' export '__LMOD_REF_COUNT_LOADEDMODULES;' 'LOADEDMODULES=xalt/latest:gcc-compatibility/8.4.0:intel/19.0.5:mvapich2/2.3.3:modules/sp2020:git/2.18.0:python/3.6-conda5.2;' export 'LOADEDMODULES;' '__LMOD_REF_COUNT_MANPATH=/apps/python/3.6-conda5.2/share/man:1\;/opt/mvapich2/intel/19.0/2.3.3/share/man:1\;/opt/intel/19.0.5/itac_latest/man:1\;/opt/intel/19.0.5/documentation_2019/en/debugger/gdb-igfx/man:1\;/opt/intel/19.0.5/inspector_2019/man:1\;/opt/intel/19.0.5/compilers_and_libraries_2019/linux/man/common:1\;/apps/lmod/lmod/share/man:1\;/usr/local/share/man:1\;/usr/share/man/overrides:1\;/usr/share/man:1\;/opt/ibutils/share/man:1\;/opt/ddn/ime/share/man:2\;/opt/puppetlabs/puppet/share/man:1\;/opt/intel/19.0.5/vtune_amplifier/man:1\;/opt/intel/19.0.5/advisor/man:1;' export '__LMOD_REF_COUNT_MANPATH;' 'MANPATH=/apps/python/3.6-conda5.2/share/man:/opt/mvapich2/intel/19.0/2.3.3/share/man:/opt/intel/19.0.5/itac_latest/man:/opt/intel/19.0.5/documentation_2019/en/debugger/gdb-igfx/man:/opt/intel/19.0.5/inspector_2019/man:/opt/intel/19.0.5/compilers_and_libraries_2019/linux/man/common:/apps/lmod/lmod/share/man:/usr/local/share/man:/usr/share/man/overrides:/usr/share/man:/opt/ibutils/share/man:/opt/ddn/ime/share/man:/opt/puppetlabs/puppet/share/man:/opt/intel/19.0.5/vtune_amplifier/man:/opt/intel/19.0.5/advisor/man;' export 'MANPATH;' 'MODULEPATH=/apps/lmodfiles/MPI/intel/19.0/mvapich2/2.3:/apps/lmodfiles/Compiler/intel/19.0:/apps/lmodfiles/Linux:/apps/lmodfiles/Core:/apps/lmod/lmod/modulefiles/Core;' export 'MODULEPATH;' '__LMOD_REF_COUNT_PATH=/apps/xalt/xalt/bin:1\;/apps/python/3.6-conda5.2/bin:1\;/apps/git/2.18.0/share/man:1\;/apps/git/2.18.0/bin:1\;/opt/conda/bin:1\;/opt/mvapich2/intel/19.0/2.3.3/bin:1\;/apps/gnu/8.4.0/bin:1\;/opt/intel/19.0.5/itac_latest/bin:1\;/opt/intel/19.0.5/advisor/bin64:1\;/opt/intel/19.0.5/vtune_amplifier/bin64:1\;/opt/intel/19.0.5/inspector_2019/bin64:1\;/opt/intel/19.0.5/compilers_and_libraries_2019/linux/bin/intel64:1\;/apps/software_usage:1\;/usr/lib64/qt-3.3/bin:1\;/opt/osc/bin:1\;/opt/moab/bin:1\;/usr/local/bin:1\;/usr/bin:1\;/usr/local/sbin:1\;/usr/sbin:1\;/opt/ibutils/bin:1\;/opt/ddn/ime/bin:1\;/opt/puppetlabs/bin:1;' export '__LMOD_REF_COUNT_PATH;' 'PATH=/apps/xalt/xalt/bin:/apps/python/3.6-conda5.2/bin:/apps/git/2.18.0/share/man:/apps/git/2.18.0/bin:/opt/conda/bin:/opt/mvapich2/intel/19.0/2.3.3/bin:/apps/gnu/8.4.0/bin:/opt/intel/19.0.5/itac_latest/bin:/opt/intel/19.0.5/advisor/bin64:/opt/intel/19.0.5/vtune_amplifier/bin64:/opt/intel/19.0.5/inspector_2019/bin64:/opt/intel/19.0.5/compilers_and_libraries_2019/linux/bin/intel64:/apps/software_usage:/usr/lib64/qt-3.3/bin:/opt/osc/bin:/opt/moab/bin:/usr/local/bin:/usr/bin:/usr/local/sbin:/usr/sbin:/opt/ibutils/bin:/opt/ddn/ime/bin:/opt/puppetlabs/bin;' export 'PATH;' 'PYTHON_HOME=/apps/python/3.6-conda5.2;' export 'PYTHON_HOME;' 'TCL_LIBRARY=/apps/python/3.6-conda5.2/lib/tcl8.6;' export 'TCL_LIBRARY;' 'TK_LIBRARY=/apps/python/3.6-conda5.2/lib/tk8.6;' export 'TK_LIBRARY;' '__LMOD_REF_COUNT__LMFILES_=/apps/lmodfiles/Core/xalt/latest.lua:1\;/apps/lmodfiles/Core/gcc-compatibility/8.4.0.lua:1\;/apps/lmodfiles/Core/intel/19.0.5.lua:1\;/apps/lmodfiles/Compiler/intel/19.0/mvapich2/2.3.3.lua:1\;/apps/lmodfiles/Core/modules/sp2020.lua:1\;/apps/lmodfiles/Core/git/2.18.0.lua:1\;/apps/lmodfiles/Core/python/3.6-conda5.2.lua:1;' export '__LMOD_REF_COUNT__LMFILES_;' '_LMFILES_=/apps/lmodfiles/Core/xalt/latest.lua:/apps/lmodfiles/Core/gcc-compatibility/8.4.0.lua:/apps/lmodfiles/Core/intel/19.0.5.lua:/apps/lmodfiles/Compiler/intel/19.0/mvapich2/2.3.3.lua:/apps/lmodfiles/Core/modules/sp2020.lua:/apps/lmodfiles/Core/git/2.18.0.lua:/apps/lmodfiles/Core/python/3.6-conda5.2.lua;' export '_LMFILES_;' '_ModuleTable001_=X01vZHVsZVRhYmxlXz17WyJNVHZlcnNpb24iXT0zLFsiY19yZWJ1aWxkVGltZSJdPTg2NDAwLFsiY19zaG9ydFRpbWUiXT1mYWxzZSxkZXB0aFQ9e30sZmFtaWx5PXtbImNvbXBhdGliaWxpdHkiXT0iZ2NjLWNvbXBhdGliaWxpdHkiLFsiY29tcGlsZXIiXT0iaW50ZWwiLFsibXBpIl09Im12YXBpY2gyIix9LG1UPXtbImdjYy1jb21wYXRpYmlsaXR5Il09e1siZm4iXT0iL2FwcHMvbG1vZGZpbGVzL0NvcmUvZ2NjLWNvbXBhdGliaWxpdHkvOC40LjAubHVhIixbImZ1bGxOYW1lIl09ImdjYy1jb21wYXRpYmlsaXR5LzguNC4wIixbImxvYWRPcmRlciJdPTIscHJvcFQ9e30sWyJzdGFja0RlcHRoIl09MixbInN0YXR1cyJdPSJhY3RpdmUiLFsidXNlck5hbWUiXT0iZ2NjLWNvbXBh;' export '_ModuleTable001_;' '_ModuleTable002_=dGliaWxpdHkvOC40LjAiLH0sZ2l0PXtbImZuIl09Ii9hcHBzL2xtb2RmaWxlcy9Db3JlL2dpdC8yLjE4LjAubHVhIixbImZ1bGxOYW1lIl09ImdpdC8yLjE4LjAiLFsibG9hZE9yZGVyIl09Nixwcm9wVD17fSxbInN0YWNrRGVwdGgiXT0wLFsic3RhdHVzIl09ImFjdGl2ZSIsWyJ1c2VyTmFtZSJdPSJnaXQiLH0saW50ZWw9e1siZm4iXT0iL2FwcHMvbG1vZGZpbGVzL0NvcmUvaW50ZWwvMTkuMC41Lmx1YSIsWyJmdWxsTmFtZSJdPSJpbnRlbC8xOS4wLjUiLFsibG9hZE9yZGVyIl09Myxwcm9wVD17fSxbInN0YWNrRGVwdGgiXT0xLFsic3RhdHVzIl09ImFjdGl2ZSIsWyJ1c2VyTmFtZSJdPSJpbnRlbCIsfSxtb2R1bGVzPXtbImZuIl09Ii9hcHBzL2xtb2RmaWxlcy9Db3JlL21v;' export '_ModuleTable002_;' '_ModuleTable003_=ZHVsZXMvc3AyMDIwLmx1YSIsWyJmdWxsTmFtZSJdPSJtb2R1bGVzL3NwMjAyMCIsWyJsb2FkT3JkZXIiXT01LHByb3BUPXt9LFsic3RhY2tEZXB0aCJdPTAsWyJzdGF0dXMiXT0iYWN0aXZlIixbInVzZXJOYW1lIl09Im1vZHVsZXMiLH0sbXZhcGljaDI9e1siZm4iXT0iL2FwcHMvbG1vZGZpbGVzL0NvbXBpbGVyL2ludGVsLzE5LjAvbXZhcGljaDIvMi4zLjMubHVhIixbImZ1bGxOYW1lIl09Im12YXBpY2gyLzIuMy4zIixbImxvYWRPcmRlciJdPTQscHJvcFQ9e30sWyJzdGFja0RlcHRoIl09MSxbInN0YXR1cyJdPSJhY3RpdmUiLFsidXNlck5hbWUiXT0ibXZhcGljaDIiLH0scHl0aG9uPXtbImZuIl09Ii9hcHBzL2xtb2RmaWxlcy9Db3JlL3B5dGhvbi8zLjYtY29uZGE1LjIu;' export '_ModuleTable003_;' '_ModuleTable004_=bHVhIixbImZ1bGxOYW1lIl09InB5dGhvbi8zLjYtY29uZGE1LjIiLFsibG9hZE9yZGVyIl09Nyxwcm9wVD17fSxbInN0YWNrRGVwdGgiXT0wLFsic3RhdHVzIl09ImFjdGl2ZSIsWyJ1c2VyTmFtZSJdPSJweXRob24vMy42LWNvbmRhNS4yIix9LHhhbHQ9e1siZm4iXT0iL2FwcHMvbG1vZGZpbGVzL0NvcmUveGFsdC9sYXRlc3QubHVhIixbImZ1bGxOYW1lIl09InhhbHQvbGF0ZXN0IixbImxvYWRPcmRlciJdPTEscHJvcFQ9e30sWyJzdGFja0RlcHRoIl09MSxbInN0YXR1cyJdPSJhY3RpdmUiLFsidXNlck5hbWUiXT0ieGFsdCIsfSx9LG1wYXRoQT17Ii9hcHBzL2xtb2RmaWxlcy9NUEkvaW50ZWwvMTkuMC9tdmFwaWNoMi8yLjMiLCIvYXBwcy9sbW9kZmlsZXMvQ29tcGlsZXIv;' export '_ModuleTable004_;' '_ModuleTable005_=aW50ZWwvMTkuMCIsIi9hcHBzL2xtb2RmaWxlcy9MaW51eCIsIi9hcHBzL2xtb2RmaWxlcy9Db3JlIiwiL2FwcHMvbG1vZC9sbW9kL21vZHVsZWZpbGVzL0NvcmUiLH0sWyJzeXN0ZW1CYXNlTVBBVEgiXT0iL2FwcHMvbG1vZGZpbGVzL0xpbnV4Oi9hcHBzL2xtb2RmaWxlcy9Db3JlOi9hcHBzL2xtb2QvbG1vZC9tb2R1bGVmaWxlcy9Db3JlIix9;' export '_ModuleTable005_;' '_ModuleTable_Sz_=5;' export '_ModuleTable_Sz_;'
++ __LMOD_REF_COUNT_LD_LIBRARY_PATH='/apps/python/3.6-conda5.2/lib:1;/opt/mvapich2/intel/19.0/2.3.3/lib:1;/apps/gnu/8.4.0/lib64:1;/apps/gnu/8.4.0/lib:1;/opt/intel/19.0.5/debugger_2019/libipt/intel64/lib:1;/opt/intel/19.0.5/compilers_and_libraries_2019/linux/lib/intel64_lin:1;/opt/intel/19.0.5/compilers_and_libraries_2019/linux/daal/lib/intel64_lin:1;/opt/intel/19.0.5/compilers_and_libraries_2019/linux/ipp/lib/intel64_lin:1;/opt/intel/19.0.5/compilers_and_libraries_2019/linux/mkl/lib/intel64_lin:1;/opt/intel/19.0.5/compilers_and_libraries_2019/linux/tbb/lib/intel64_lin/gcc4.4:1'
++ export __LMOD_REF_COUNT_LD_LIBRARY_PATH
++ LD_LIBRARY_PATH=/apps/python/3.6-conda5.2/lib:/opt/mvapich2/intel/19.0/2.3.3/lib:/apps/gnu/8.4.0/lib64:/apps/gnu/8.4.0/lib:/opt/intel/19.0.5/debugger_2019/libipt/intel64/lib:/opt/intel/19.0.5/compilers_and_libraries_2019/linux/lib/intel64_lin:/opt/intel/19.0.5/compilers_and_libraries_2019/linux/daal/lib/intel64_lin:/opt/intel/19.0.5/compilers_and_libraries_2019/linux/ipp/lib/intel64_lin:/opt/intel/19.0.5/compilers_and_libraries_2019/linux/mkl/lib/intel64_lin:/opt/intel/19.0.5/compilers_and_libraries_2019/linux/tbb/lib/intel64_lin/gcc4.4
++ export LD_LIBRARY_PATH
++ __LMOD_REF_COUNT_LOADEDMODULES='xalt/latest:1;gcc-compatibility/8.4.0:1;intel/19.0.5:1;mvapich2/2.3.3:1;modules/sp2020:1;git/2.18.0:1;python/3.6-conda5.2:1'
++ export __LMOD_REF_COUNT_LOADEDMODULES
++ LOADEDMODULES=xalt/latest:gcc-compatibility/8.4.0:intel/19.0.5:mvapich2/2.3.3:modules/sp2020:git/2.18.0:python/3.6-conda5.2
++ export LOADEDMODULES
++ __LMOD_REF_COUNT_MANPATH='/apps/python/3.6-conda5.2/share/man:1;/opt/mvapich2/intel/19.0/2.3.3/share/man:1;/opt/intel/19.0.5/itac_latest/man:1;/opt/intel/19.0.5/documentation_2019/en/debugger/gdb-igfx/man:1;/opt/intel/19.0.5/inspector_2019/man:1;/opt/intel/19.0.5/compilers_and_libraries_2019/linux/man/common:1;/apps/lmod/lmod/share/man:1;/usr/local/share/man:1;/usr/share/man/overrides:1;/usr/share/man:1;/opt/ibutils/share/man:1;/opt/ddn/ime/share/man:2;/opt/puppetlabs/puppet/share/man:1;/opt/intel/19.0.5/vtune_amplifier/man:1;/opt/intel/19.0.5/advisor/man:1'
++ export __LMOD_REF_COUNT_MANPATH
++ MANPATH=/apps/python/3.6-conda5.2/share/man:/opt/mvapich2/intel/19.0/2.3.3/share/man:/opt/intel/19.0.5/itac_latest/man:/opt/intel/19.0.5/documentation_2019/en/debugger/gdb-igfx/man:/opt/intel/19.0.5/inspector_2019/man:/opt/intel/19.0.5/compilers_and_libraries_2019/linux/man/common:/apps/lmod/lmod/share/man:/usr/local/share/man:/usr/share/man/overrides:/usr/share/man:/opt/ibutils/share/man:/opt/ddn/ime/share/man:/opt/puppetlabs/puppet/share/man:/opt/intel/19.0.5/vtune_amplifier/man:/opt/intel/19.0.5/advisor/man
++ export MANPATH
++ MODULEPATH=/apps/lmodfiles/MPI/intel/19.0/mvapich2/2.3:/apps/lmodfiles/Compiler/intel/19.0:/apps/lmodfiles/Linux:/apps/lmodfiles/Core:/apps/lmod/lmod/modulefiles/Core
++ export MODULEPATH
++ __LMOD_REF_COUNT_PATH='/apps/xalt/xalt/bin:1;/apps/python/3.6-conda5.2/bin:1;/apps/git/2.18.0/share/man:1;/apps/git/2.18.0/bin:1;/opt/conda/bin:1;/opt/mvapich2/intel/19.0/2.3.3/bin:1;/apps/gnu/8.4.0/bin:1;/opt/intel/19.0.5/itac_latest/bin:1;/opt/intel/19.0.5/advisor/bin64:1;/opt/intel/19.0.5/vtune_amplifier/bin64:1;/opt/intel/19.0.5/inspector_2019/bin64:1;/opt/intel/19.0.5/compilers_and_libraries_2019/linux/bin/intel64:1;/apps/software_usage:1;/usr/lib64/qt-3.3/bin:1;/opt/osc/bin:1;/opt/moab/bin:1;/usr/local/bin:1;/usr/bin:1;/usr/local/sbin:1;/usr/sbin:1;/opt/ibutils/bin:1;/opt/ddn/ime/bin:1;/opt/puppetlabs/bin:1'
++ export __LMOD_REF_COUNT_PATH
++ PATH=/apps/xalt/xalt/bin:/apps/python/3.6-conda5.2/bin:/apps/git/2.18.0/share/man:/apps/git/2.18.0/bin:/opt/conda/bin:/opt/mvapich2/intel/19.0/2.3.3/bin:/apps/gnu/8.4.0/bin:/opt/intel/19.0.5/itac_latest/bin:/opt/intel/19.0.5/advisor/bin64:/opt/intel/19.0.5/vtune_amplifier/bin64:/opt/intel/19.0.5/inspector_2019/bin64:/opt/intel/19.0.5/compilers_and_libraries_2019/linux/bin/intel64:/apps/software_usage:/usr/lib64/qt-3.3/bin:/opt/osc/bin:/opt/moab/bin:/usr/local/bin:/usr/bin:/usr/local/sbin:/usr/sbin:/opt/ibutils/bin:/opt/ddn/ime/bin:/opt/puppetlabs/bin
++ export PATH
++ PYTHON_HOME=/apps/python/3.6-conda5.2
++ export PYTHON_HOME
++ TCL_LIBRARY=/apps/python/3.6-conda5.2/lib/tcl8.6
++ export TCL_LIBRARY
++ TK_LIBRARY=/apps/python/3.6-conda5.2/lib/tk8.6
++ export TK_LIBRARY
++ __LMOD_REF_COUNT__LMFILES_='/apps/lmodfiles/Core/xalt/latest.lua:1;/apps/lmodfiles/Core/gcc-compatibility/8.4.0.lua:1;/apps/lmodfiles/Core/intel/19.0.5.lua:1;/apps/lmodfiles/Compiler/intel/19.0/mvapich2/2.3.3.lua:1;/apps/lmodfiles/Core/modules/sp2020.lua:1;/apps/lmodfiles/Core/git/2.18.0.lua:1;/apps/lmodfiles/Core/python/3.6-conda5.2.lua:1'
++ export __LMOD_REF_COUNT__LMFILES_
++ _LMFILES_=/apps/lmodfiles/Core/xalt/latest.lua:/apps/lmodfiles/Core/gcc-compatibility/8.4.0.lua:/apps/lmodfiles/Core/intel/19.0.5.lua:/apps/lmodfiles/Compiler/intel/19.0/mvapich2/2.3.3.lua:/apps/lmodfiles/Core/modules/sp2020.lua:/apps/lmodfiles/Core/git/2.18.0.lua:/apps/lmodfiles/Core/python/3.6-conda5.2.lua
++ export _LMFILES_
++ _ModuleTable001_=X01vZHVsZVRhYmxlXz17WyJNVHZlcnNpb24iXT0zLFsiY19yZWJ1aWxkVGltZSJdPTg2NDAwLFsiY19zaG9ydFRpbWUiXT1mYWxzZSxkZXB0aFQ9e30sZmFtaWx5PXtbImNvbXBhdGliaWxpdHkiXT0iZ2NjLWNvbXBhdGliaWxpdHkiLFsiY29tcGlsZXIiXT0iaW50ZWwiLFsibXBpIl09Im12YXBpY2gyIix9LG1UPXtbImdjYy1jb21wYXRpYmlsaXR5Il09e1siZm4iXT0iL2FwcHMvbG1vZGZpbGVzL0NvcmUvZ2NjLWNvbXBhdGliaWxpdHkvOC40LjAubHVhIixbImZ1bGxOYW1lIl09ImdjYy1jb21wYXRpYmlsaXR5LzguNC4wIixbImxvYWRPcmRlciJdPTIscHJvcFQ9e30sWyJzdGFja0RlcHRoIl09MixbInN0YXR1cyJdPSJhY3RpdmUiLFsidXNlck5hbWUiXT0iZ2NjLWNvbXBh
++ export _ModuleTable001_
++ _ModuleTable002_=dGliaWxpdHkvOC40LjAiLH0sZ2l0PXtbImZuIl09Ii9hcHBzL2xtb2RmaWxlcy9Db3JlL2dpdC8yLjE4LjAubHVhIixbImZ1bGxOYW1lIl09ImdpdC8yLjE4LjAiLFsibG9hZE9yZGVyIl09Nixwcm9wVD17fSxbInN0YWNrRGVwdGgiXT0wLFsic3RhdHVzIl09ImFjdGl2ZSIsWyJ1c2VyTmFtZSJdPSJnaXQiLH0saW50ZWw9e1siZm4iXT0iL2FwcHMvbG1vZGZpbGVzL0NvcmUvaW50ZWwvMTkuMC41Lmx1YSIsWyJmdWxsTmFtZSJdPSJpbnRlbC8xOS4wLjUiLFsibG9hZE9yZGVyIl09Myxwcm9wVD17fSxbInN0YWNrRGVwdGgiXT0xLFsic3RhdHVzIl09ImFjdGl2ZSIsWyJ1c2VyTmFtZSJdPSJpbnRlbCIsfSxtb2R1bGVzPXtbImZuIl09Ii9hcHBzL2xtb2RmaWxlcy9Db3JlL21v
++ export _ModuleTable002_
++ _ModuleTable003_=ZHVsZXMvc3AyMDIwLmx1YSIsWyJmdWxsTmFtZSJdPSJtb2R1bGVzL3NwMjAyMCIsWyJsb2FkT3JkZXIiXT01LHByb3BUPXt9LFsic3RhY2tEZXB0aCJdPTAsWyJzdGF0dXMiXT0iYWN0aXZlIixbInVzZXJOYW1lIl09Im1vZHVsZXMiLH0sbXZhcGljaDI9e1siZm4iXT0iL2FwcHMvbG1vZGZpbGVzL0NvbXBpbGVyL2ludGVsLzE5LjAvbXZhcGljaDIvMi4zLjMubHVhIixbImZ1bGxOYW1lIl09Im12YXBpY2gyLzIuMy4zIixbImxvYWRPcmRlciJdPTQscHJvcFQ9e30sWyJzdGFja0RlcHRoIl09MSxbInN0YXR1cyJdPSJhY3RpdmUiLFsidXNlck5hbWUiXT0ibXZhcGljaDIiLH0scHl0aG9uPXtbImZuIl09Ii9hcHBzL2xtb2RmaWxlcy9Db3JlL3B5dGhvbi8zLjYtY29uZGE1LjIu
++ export _ModuleTable003_
++ _ModuleTable004_=bHVhIixbImZ1bGxOYW1lIl09InB5dGhvbi8zLjYtY29uZGE1LjIiLFsibG9hZE9yZGVyIl09Nyxwcm9wVD17fSxbInN0YWNrRGVwdGgiXT0wLFsic3RhdHVzIl09ImFjdGl2ZSIsWyJ1c2VyTmFtZSJdPSJweXRob24vMy42LWNvbmRhNS4yIix9LHhhbHQ9e1siZm4iXT0iL2FwcHMvbG1vZGZpbGVzL0NvcmUveGFsdC9sYXRlc3QubHVhIixbImZ1bGxOYW1lIl09InhhbHQvbGF0ZXN0IixbImxvYWRPcmRlciJdPTEscHJvcFQ9e30sWyJzdGFja0RlcHRoIl09MSxbInN0YXR1cyJdPSJhY3RpdmUiLFsidXNlck5hbWUiXT0ieGFsdCIsfSx9LG1wYXRoQT17Ii9hcHBzL2xtb2RmaWxlcy9NUEkvaW50ZWwvMTkuMC9tdmFwaWNoMi8yLjMiLCIvYXBwcy9sbW9kZmlsZXMvQ29tcGlsZXIv
++ export _ModuleTable004_
++ _ModuleTable005_=aW50ZWwvMTkuMCIsIi9hcHBzL2xtb2RmaWxlcy9MaW51eCIsIi9hcHBzL2xtb2RmaWxlcy9Db3JlIiwiL2FwcHMvbG1vZC9sbW9kL21vZHVsZWZpbGVzL0NvcmUiLH0sWyJzeXN0ZW1CYXNlTVBBVEgiXT0iL2FwcHMvbG1vZGZpbGVzL0xpbnV4Oi9hcHBzL2xtb2RmaWxlcy9Db3JlOi9hcHBzL2xtb2QvbG1vZC9tb2R1bGVmaWxlcy9Db3JlIix9
++ export _ModuleTable005_
++ _ModuleTable_Sz_=5
++ export _ModuleTable_Sz_
++ : -s sh
+ eval
+ source activate cutadaptenv
++ _CONDA_ROOT=/apps/python/3.6-conda5.2
++ . /apps/python/3.6-conda5.2/etc/profile.d/conda.sh
+++ _CONDA_EXE=/apps/python/3.6-conda5.2/bin/conda
+++ _CONDA_ROOT=/apps/python/3.6-conda5.2
+++ _conda_set_vars
+++ '[' -n x ']'
+++ _CONDA_SHELL_FLAVOR=bash
+++ '[' -z x ']'
+++ '[' -z '' ']'
+++ PS1=
+++ '[' -z '' ']'
+++ export CONDA_SHLVL=0
+++ CONDA_SHLVL=0
++ _conda_activate cutadaptenv
++ '[' -n '' ']'
++ local ask_conda
+++ PS1=
+++ /apps/python/3.6-conda5.2/bin/conda shell.posix activate cutadaptenv
++ ask_conda='PS1='\''(cutadaptenv) '\''
\export CONDA_DEFAULT_ENV='\''cutadaptenv'\''
\export CONDA_EXE='\''/apps/python/3.6-conda5.2/bin/conda'\''
\export CONDA_PREFIX='\''/users/PAS0471/danraywill/.conda/envs/cutadaptenv'\''
\export CONDA_PROMPT_MODIFIER='\''(cutadaptenv) '\''
\export CONDA_PYTHON_EXE='\''/apps/python/3.6-conda5.2/bin/python'\''
\export CONDA_SHLVL='\''1'\''
\export PATH='\''/users/PAS0471/danraywill/.conda/envs/cutadaptenv/bin:/apps/xalt/xalt/bin:/apps/python/3.6-conda5.2/bin:/apps/git/2.18.0/share/man:/apps/git/2.18.0/bin:/opt/conda/bin:/opt/mvapich2/intel/19.0/2.3.3/bin:/apps/gnu/8.4.0/bin:/opt/intel/19.0.5/itac_latest/bin:/opt/intel/19.0.5/advisor/bin64:/opt/intel/19.0.5/vtune_amplifier/bin64:/opt/intel/19.0.5/inspector_2019/bin64:/opt/intel/19.0.5/compilers_and_libraries_2019/linux/bin/intel64:/apps/software_usage:/usr/lib64/qt-3.3/bin:/opt/osc/bin:/opt/moab/bin:/usr/local/bin:/usr/bin:/usr/local/sbin:/usr/sbin:/opt/ibutils/bin:/opt/ddn/ime/bin:/opt/puppetlabs/bin'\'''
++ eval 'PS1='\''(cutadaptenv) '\''
\export CONDA_DEFAULT_ENV='\''cutadaptenv'\''
\export CONDA_EXE='\''/apps/python/3.6-conda5.2/bin/conda'\''
\export CONDA_PREFIX='\''/users/PAS0471/danraywill/.conda/envs/cutadaptenv'\''
\export CONDA_PROMPT_MODIFIER='\''(cutadaptenv) '\''
\export CONDA_PYTHON_EXE='\''/apps/python/3.6-conda5.2/bin/python'\''
\export CONDA_SHLVL='\''1'\''
\export PATH='\''/users/PAS0471/danraywill/.conda/envs/cutadaptenv/bin:/apps/xalt/xalt/bin:/apps/python/3.6-conda5.2/bin:/apps/git/2.18.0/share/man:/apps/git/2.18.0/bin:/opt/conda/bin:/opt/mvapich2/intel/19.0/2.3.3/bin:/apps/gnu/8.4.0/bin:/opt/intel/19.0.5/itac_latest/bin:/opt/intel/19.0.5/advisor/bin64:/opt/intel/19.0.5/vtune_amplifier/bin64:/opt/intel/19.0.5/inspector_2019/bin64:/opt/intel/19.0.5/compilers_and_libraries_2019/linux/bin/intel64:/apps/software_usage:/usr/lib64/qt-3.3/bin:/opt/osc/bin:/opt/moab/bin:/usr/local/bin:/usr/bin:/usr/local/sbin:/usr/sbin:/opt/ibutils/bin:/opt/ddn/ime/bin:/opt/puppetlabs/bin'\'''
+++ PS1='(cutadaptenv) '
+++ export CONDA_DEFAULT_ENV=cutadaptenv
+++ CONDA_DEFAULT_ENV=cutadaptenv
+++ export CONDA_EXE=/apps/python/3.6-conda5.2/bin/conda
+++ CONDA_EXE=/apps/python/3.6-conda5.2/bin/conda
+++ export CONDA_PREFIX=/users/PAS0471/danraywill/.conda/envs/cutadaptenv
+++ CONDA_PREFIX=/users/PAS0471/danraywill/.conda/envs/cutadaptenv
+++ export 'CONDA_PROMPT_MODIFIER=(cutadaptenv) '
+++ CONDA_PROMPT_MODIFIER='(cutadaptenv) '
+++ export CONDA_PYTHON_EXE=/apps/python/3.6-conda5.2/bin/python
+++ CONDA_PYTHON_EXE=/apps/python/3.6-conda5.2/bin/python
+++ export CONDA_SHLVL=1
+++ CONDA_SHLVL=1
+++ export PATH=/users/PAS0471/danraywill/.conda/envs/cutadaptenv/bin:/apps/xalt/xalt/bin:/apps/python/3.6-conda5.2/bin:/apps/git/2.18.0/share/man:/apps/git/2.18.0/bin:/opt/conda/bin:/opt/mvapich2/intel/19.0/2.3.3/bin:/apps/gnu/8.4.0/bin:/opt/intel/19.0.5/itac_latest/bin:/opt/intel/19.0.5/advisor/bin64:/opt/intel/19.0.5/vtune_amplifier/bin64:/opt/intel/19.0.5/inspector_2019/bin64:/opt/intel/19.0.5/compilers_and_libraries_2019/linux/bin/intel64:/apps/software_usage:/usr/lib64/qt-3.3/bin:/opt/osc/bin:/opt/moab/bin:/usr/local/bin:/usr/bin:/usr/local/sbin:/usr/sbin:/opt/ibutils/bin:/opt/ddn/ime/bin:/opt/puppetlabs/bin
+++ PATH=/users/PAS0471/danraywill/.conda/envs/cutadaptenv/bin:/apps/xalt/xalt/bin:/apps/python/3.6-conda5.2/bin:/apps/git/2.18.0/share/man:/apps/git/2.18.0/bin:/opt/conda/bin:/opt/mvapich2/intel/19.0/2.3.3/bin:/apps/gnu/8.4.0/bin:/opt/intel/19.0.5/itac_latest/bin:/opt/intel/19.0.5/advisor/bin64:/opt/intel/19.0.5/vtune_amplifier/bin64:/opt/intel/19.0.5/inspector_2019/bin64:/opt/intel/19.0.5/compilers_and_libraries_2019/linux/bin/intel64:/apps/software_usage:/usr/lib64/qt-3.3/bin:/opt/osc/bin:/opt/moab/bin:/usr/local/bin:/usr/bin:/usr/local/sbin:/usr/sbin:/opt/ibutils/bin:/opt/ddn/ime/bin:/opt/puppetlabs/bin
++ _conda_hashr
++ case "$_CONDA_SHELL_FLAVOR" in
++ hash -r
+ RONE=/fs/ess/PAS1855/users/danraywill/week06/ga2/data/fastq/201-S4-V4-V5_S53_L001_R1_001.fastq
+ OUT=/fs/ess/PAS1855/users/danraywill/week06/ga2/data/trimmed
+ FORWARD=GAGTGYCAGCMGCCGCGGTAA
+ REVERSE=TTACCGCGGCKGCTGRCACTC
++ rev
++ tr ATCGYRKMBVDH TAGCRYMKVBHD
++ echo GAGTGYCAGCMGCCGCGGTAA
+ F_REVC=TTACCGCGGCKGCTGRCACTC
++ rev
++ tr ATCGYRKMBVDH TAGCRYMKVBHD
++ echo TTACCGCGGCKGCTGRCACTC
+ R_REVC=GAGTGYCAGCMGCCGCGGTAA
++ sed s/_R1_/_R2_/
++ echo /fs/ess/PAS1855/users/danraywill/week06/ga2/data/fastq/201-S4-V4-V5_S53_L001_R1_001.fastq
+ RTWO=/fs/ess/PAS1855/users/danraywill/week06/ga2/data/fastq/201-S4-V4-V5_S53_L001_R2_001.fastq
+++ basename /fs/ess/PAS1855/users/danraywill/week06/ga2/data/fastq/201-S4-V4-V5_S53_L001_R1_001.fastq .fastq
++ echo /fs/ess/PAS1855/users/danraywill/week06/ga2/data/trimmed/201-S4-V4-V5_S53_L001_R1_001_trimmed.fastq
+ RONE_OUT=/fs/ess/PAS1855/users/danraywill/week06/ga2/data/trimmed/201-S4-V4-V5_S53_L001_R1_001_trimmed.fastq
+++ basename /fs/ess/PAS1855/users/danraywill/week06/ga2/data/fastq/201-S4-V4-V5_S53_L001_R2_001.fastq .fastq
++ echo /fs/ess/PAS1855/users/danraywill/week06/ga2/data/trimmed/201-S4-V4-V5_S53_L001_R2_001_trimmed.fastq
+ RTWO_OUT=/fs/ess/PAS1855/users/danraywill/week06/ga2/data/trimmed/201-S4-V4-V5_S53_L001_R2_001_trimmed.fastq
+ mkdir -p /fs/ess/PAS1855/users/danraywill/week06/ga2/data/trimmed
+ cutadapt -a GAGTGYCAGCMGCCGCGGTAA...GAGTGYCAGCMGCCGCGGTAA -A TTACCGCGGCKGCTGRCACTC...TTACCGCGGCKGCTGRCACTC --discard-untrimmed --pair-filter=any -o /fs/ess/PAS1855/users/danraywill/week06/ga2/data/trimmed/201-S4-V4-V5_S53_L001_R1_001_trimmed.fastq -p /fs/ess/PAS1855/users/danraywill/week06/ga2/data/trimmed/201-S4-V4-V5_S53_L001_R2_001_trimmed.fastq /fs/ess/PAS1855/users/danraywill/week06/ga2/data/fastq/201-S4-V4-V5_S53_L001_R1_001.fastq /fs/ess/PAS1855/users/danraywill/week06/ga2/data/fastq/201-S4-V4-V5_S53_L001_R2_001.fastq
This is cutadapt 3.2 with Python 3.8.8
Command line parameters: -a GAGTGYCAGCMGCCGCGGTAA...GAGTGYCAGCMGCCGCGGTAA -A TTACCGCGGCKGCTGRCACTC...TTACCGCGGCKGCTGRCACTC --discard-untrimmed --pair-filter=any -o /fs/ess/PAS1855/users/danraywill/week06/ga2/data/trimmed/201-S4-V4-V5_S53_L001_R1_001_trimmed.fastq -p /fs/ess/PAS1855/users/danraywill/week06/ga2/data/trimmed/201-S4-V4-V5_S53_L001_R2_001_trimmed.fastq /fs/ess/PAS1855/users/danraywill/week06/ga2/data/fastq/201-S4-V4-V5_S53_L001_R1_001.fastq /fs/ess/PAS1855/users/danraywill/week06/ga2/data/fastq/201-S4-V4-V5_S53_L001_R2_001.fastq
Processing reads on 1 core in paired-end mode ...
Finished in 2.86 s (61 µs/read; 0.99 M reads/minute).

=== Summary ===

Total read pairs processed:             47,070
  Read 1 with adapter:                  46,922 (99.7%)
  Read 2 with adapter:                  43,737 (92.9%)
Pairs written (passing filters):        43,654 (92.7%)

Total basepairs processed:    28,074,076 bp
  Read 1:    14,069,195 bp
  Read 2:    14,004,881 bp
Total written (filtered):     23,946,860 bp (85.3%)
  Read 1:    11,522,310 bp
  Read 2:    12,424,550 bp

=== First read: Adapter 3 ===

Sequence: GAGTGYCAGCMGCCGCGGTAA...GAGTGYCAGCMGCCGCGGTAA; Type: linked; Length: 21+21; 5' trimmed: 46920 times; 3' trimmed: 99 times


No. of allowed errors:
1-9 bp: 0; 10-19 bp: 1; 20-21 bp: 2

No. of allowed errors:
1-9 bp: 0; 10-19 bp: 1; 20-21 bp: 2

Overview of removed sequences at 5' end
length	count	expect	max.err	error counts
11	1	0.0	1	0 1
20	3	0.0	2	0 1 2
21	1	0.0	2	0 1
22	3	0.0	2	1 1 1
23	3	0.0	2	1 2
24	5	0.0	2	3 0 2
25	4	0.0	2	3 0 1
26	11	0.0	2	6 3 2
27	3	0.0	2	2 0 1
28	10	0.0	2	7 2 1
29	17	0.0	2	12 1 4
30	18	0.0	2	9 7 2
31	49	0.0	2	43 1 5
32	42	0.0	2	22 5 15
33	219	0.0	2	55 58 106
34	1627	0.0	2	546 1054 27
35	44535	0.0	2	43935 575 25
36	63	0.0	2	36 20 7
37	299	0.0	2	0 0 299
38	7	0.0	2	6 1



Overview of removed sequences at 3' end
length	count	expect	max.err	error counts
3	96	735.5	0	96
4	3	183.9	0	3


=== Second read: Adapter 6 ===

Sequence: TTACCGCGGCKGCTGRCACTC...TTACCGCGGCKGCTGRCACTC; Type: linked; Length: 21+21; 5' trimmed: 77 times; 3' trimmed: 43660 times


No. of allowed errors:
1-9 bp: 0; 10-19 bp: 1; 20-21 bp: 2

No. of allowed errors:
1-9 bp: 0; 10-19 bp: 1; 20-21 bp: 2

Overview of removed sequences at 5' end
length	count	expect	max.err	error counts
3	3	735.5	0	3
36	1	0.0	2	0 1
159	1	0.0	2	0 1
160	1	0.0	2	1
218	1	0.0	2	0 0 1
219	2	0.0	2	2
243	1	0.0	2	0 1
252	1	0.0	2	0 1
253	1	0.0	2	1
255	1	0.0	2	0 1
258	1	0.0	2	1
271	1	0.0	2	1
274	1	0.0	2	1
275	2	0.0	2	2
276	2	0.0	2	2
288	1	0.0	2	1
290	1	0.0	2	1
291	1	0.0	2	1
292	1	0.0	2	1
293	1	0.0	2	0 1
294	3	0.0	2	3
295	2	0.0	2	2
296	1	0.0	2	0 1
297	3	0.0	2	2 1
298	4	0.0	2	1 2 1
299	39	0.0	2	4 9 26



Overview of removed sequences at 3' end
length	count	expect	max.err	error counts
3	8	735.5	0	8
4	4	183.9	0	4
5	1	46.0	0	1
7	1	2.9	0	1
8	2	0.7	0	2
9	44	0.2	0	44
10	4	0.0	1	3 1
11	64	0.0	1	40 24
12	37185	0.0	1	33881 3304
13	1336	0.0	1	1054 282
14	1101	0.0	1	621 480
15	2444	0.0	1	177 2267
16	1377	0.0	1	1173 204
17	41	0.0	1	30 11
18	46	0.0	1	35 11
19	1	0.0	1	0 1
20	1	0.0	2	0 0 1
